2026-04-17 19:07:13 [INFO] database.db: Database initialized
2026-04-17 19:07:13 [INFO] __main__: Bot started
2026-04-17 19:07:13 [INFO] services.checker: Background swap checker started
2026-04-17 19:07:13 [INFO] aiogram.dispatcher: Start polling
2026-04-17 19:07:14 [INFO] aiogram.dispatcher: Run polling for bot @swappersimple_bot id=8635096423 - 'Swap bot'
2026-04-17 19:07:44 [INFO] aiogram.event: Update id=931245712 is handled. Duration 416 ms by bot id=8635096423
2026-04-17 19:07:46 [INFO] aiogram.event: Update id=931245713 is handled. Duration 413 ms by bot id=8635096423
2026-04-17 19:07:49 [INFO] aiogram.event: Update id=931245714 is handled. Duration 509 ms by bot id=8635096423
2026-04-17 19:07:50 [INFO] aiogram.event: Update id=931245715 is handled. Duration 201 ms by bot id=8635096423
2026-04-17 19:07:57 [INFO] httpx: HTTP Request: GET https://api.simpleswap.io/v3/currencies?api_key=df170881-b825-44ed-b344-fb346779901d&fixed=false "HTTP/1.1 200 OK"
2026-04-17 19:07:57 [INFO] services.simpleswap: [API] GET https://api.simpleswap.io/v3/currencies → 200 (932ms)
2026-04-17 19:07:58 [INFO] httpx: HTTP Request: GET https://api.simpleswap.io/v3/estimates?tickerFrom=eth&networkFrom=eth&tickerTo=usdt&networkTo=eth&amount=1.0&fixed=false "HTTP/1.1 200 OK"
2026-04-17 19:07:58 [INFO] services.simpleswap: [API] GET https://api.simpleswap.io/v3/estimates → 200 (854ms)
2026-04-17 19:07:58 [INFO] aiogram.event: Update id=931245716 is handled. Duration 2153 ms by bot id=8635096423
2026-04-17 19:08:21 [INFO] aiogram.event: Update id=931245717 is handled. Duration 147 ms by bot id=8635096423
2026-04-17 19:08:26 [INFO] httpx: HTTP Request: POST https://api.simpleswap.io/v3/exchanges "HTTP/1.1 200 OK"
2026-04-17 19:08:26 [INFO] services.simpleswap: [API] POST https://api.simpleswap.io/v3/exchanges → 200 (1770ms)
2026-04-17 19:08:26 [INFO] aiogram.event: Update id=931245718 is handled. Duration 2249 ms by bot id=8635096423
2026-04-17 19:08:32 [INFO] httpx: HTTP Request: GET https://api.simpleswap.io/v3/exchanges/wj0of91a899xgx65 "HTTP/1.1 200 OK"
2026-04-17 19:08:32 [INFO] services.simpleswap: [API] GET https://api.simpleswap.io/v3/exchanges/wj0of91a899xgx65 → 200 (318ms)
2026-04-17 19:08:33 [INFO] aiogram.event: Update id=931245719 is handled. Duration 614 ms by bot id=8635096423
2026-04-17 19:10:13 [INFO] services.checker: Checking 5 active swap(s)...
2026-04-17 19:10:13 [INFO] httpx: HTTP Request: GET https://api.simpleswap.io/v3/exchanges/wj0of91a899xgx65 "HTTP/1.1 200 OK"
2026-04-17 19:10:13 [INFO] services.simpleswap: [API] GET https://api.simpleswap.io/v3/exchanges/wj0of91a899xgx65 → 200 (525ms)
2026-04-17 19:10:14 [INFO] httpx: HTTP Request: GET https://api.simpleswap.io/v3/exchanges/4xoj5osddg7y1i6k "HTTP/1.1 200 OK"
2026-04-17 19:10:14 [INFO] services.simpleswap: [API] GET https://api.simpleswap.io/v3/exchanges/4xoj5osddg7y1i6k → 200 (304ms)
2026-04-17 19:10:14 [INFO] httpx: HTTP Request: GET https://api.simpleswap.io/v3/exchanges/vm7ppk4dq1ta763p "HTTP/1.1 200 OK"
2026-04-17 19:10:14 [INFO] services.simpleswap: [API] GET https://api.simpleswap.io/v3/exchanges/vm7ppk4dq1ta763p → 200 (412ms)
2026-04-17 19:10:15 [INFO] httpx: HTTP Request: GET https://api.simpleswap.io/v3/exchanges/ttvrb2gpvp2mfb70 "HTTP/1.1 200 OK"
2026-04-17 19:10:15 [INFO] services.simpleswap: [API] GET https://api.simpleswap.io/v3/exchanges/ttvrb2gpvp2mfb70 → 200 (306ms)
2026-04-17 19:10:15 [INFO] services.checker: Swap ttvrb2gpvp2mfb70: created → waiting
2026-04-17 19:10:15 [INFO] httpx: HTTP Request: GET https://api.simpleswap.io/v3/exchanges/wjtknljvn9k3vitz "HTTP/1.1 200 OK"
2026-04-17 19:10:15 [INFO] services.simpleswap: [API] GET https://api.simpleswap.io/v3/exchanges/wjtknljvn9k3vitz → 200 (293ms)
2026-04-17 19:10:15 [INFO] services.checker: Swap wjtknljvn9k3vitz: created → waiting
2026-04-17 19:13:15 [INFO] services.checker: Checking 5 active swap(s)...
2026-04-17 19:13:16 [INFO] httpx: HTTP Request: GET https://api.simpleswap.io/v3/exchanges/wj0of91a899xgx65 "HTTP/1.1 200 OK"
2026-04-17 19:13:16 [INFO] services.simpleswap: [API] GET https://api.simpleswap.io/v3/exchanges/wj0of91a899xgx65 → 200 (701ms)
2026-04-17 19:13:16 [INFO] httpx: HTTP Request: GET https://api.simpleswap.io/v3/exchanges/4xoj5osddg7y1i6k "HTTP/1.1 200 OK"
2026-04-17 19:13:16 [INFO] services.simpleswap: [API] GET https://api.simpleswap.io/v3/exchanges/4xoj5osddg7y1i6k → 200 (308ms)
2026-04-17 19:13:16 [INFO] httpx: HTTP Request: GET https://api.simpleswap.io/v3/exchanges/vm7ppk4dq1ta763p "HTTP/1.1 200 OK"
2026-04-17 19:13:16 [INFO] services.simpleswap: [API] GET https://api.simpleswap.io/v3/exchanges/vm7ppk4dq1ta763p → 200 (510ms)
2026-04-17 19:13:17 [INFO] httpx: HTTP Request: GET https://api.simpleswap.io/v3/exchanges/ttvrb2gpvp2mfb70 "HTTP/1.1 200 OK"
2026-04-17 19:13:17 [INFO] services.simpleswap: [API] GET https://api.simpleswap.io/v3/exchanges/ttvrb2gpvp2mfb70 → 200 (207ms)
2026-04-17 19:13:17 [INFO] httpx: HTTP Request: GET https://api.simpleswap.io/v3/exchanges/wjtknljvn9k3vitz "HTTP/1.1 200 OK"
2026-04-17 19:13:17 [INFO] services.simpleswap: [API] GET https://api.simpleswap.io/v3/exchanges/wjtknljvn9k3vitz → 200 (303ms)
2026-04-17 19:16:17 [INFO] services.checker: Checking 5 active swap(s)...
2026-04-17 19:16:17 [INFO] httpx: HTTP Request: GET https://api.simpleswap.io/v3/exchanges/wj0of91a899xgx65 "HTTP/1.1 200 OK"
2026-04-17 19:16:17 [INFO] services.simpleswap: [API] GET https://api.simpleswap.io/v3/exchanges/wj0of91a899xgx65 → 200 (420ms)
2026-04-17 19:16:18 [INFO] httpx: HTTP Request: GET https://api.simpleswap.io/v3/exchanges/4xoj5osddg7y1i6k "HTTP/1.1 200 OK"
2026-04-17 19:16:18 [INFO] services.simpleswap: [API] GET https://api.simpleswap.io/v3/exchanges/4xoj5osddg7y1i6k → 200 (308ms)
2026-04-17 19:16:18 [INFO] httpx: HTTP Request: GET https://api.simpleswap.io/v3/exchanges/vm7ppk4dq1ta763p "HTTP/1.1 200 OK"
2026-04-17 19:16:18 [INFO] services.simpleswap: [API] GET https://api.simpleswap.io/v3/exchanges/vm7ppk4dq1ta763p → 200 (514ms)
2026-04-17 19:16:18 [INFO] httpx: HTTP Request: GET https://api.simpleswap.io/v3/exchanges/ttvrb2gpvp2mfb70 "HTTP/1.1 200 OK"
2026-04-17 19:16:18 [INFO] services.simpleswap: [API] GET https://api.simpleswap.io/v3/exchanges/ttvrb2gpvp2mfb70 → 200 (294ms)
2026-04-17 19:16:19 [INFO] httpx: HTTP Request: GET https://api.simpleswap.io/v3/exchanges/wjtknljvn9k3vitz "HTTP/1.1 200 OK"
2026-04-17 19:16:19 [INFO] services.simpleswap: [API] GET https://api.simpleswap.io/v3/exchanges/wjtknljvn9k3vitz → 200 (261ms)
2026-04-17 19:18:52 [WARNING] aiogram.dispatcher: Received SIGINT signal
2026-04-17 19:18:52 [INFO] aiogram.dispatcher: Polling stopped for bot @swappersimple_bot id=8635096423 - 'Swap bot'
2026-04-17 19:18:52 [INFO] aiogram.dispatcher: Polling stopped
2026-04-20 13:49:29 [INFO] database.db: Database initialized
2026-04-20 13:49:29 [INFO] services.checker: Background swap checker started
2026-04-20 13:49:30 [INFO] __main__: Webhook set: tg-swap-bot-production.up.railway.app/webhook
2026-04-20 13:49:30 [INFO] __main__: Webhook server running on port 8080
2026-04-20 13:52:29 [INFO] services.checker: Checking 5 active swap(s)...
2026-04-20 13:52:30 [INFO] httpx: HTTP Request: GET https://api.simpleswap.io/v3/exchanges/wj0of91a899xgx65 "HTTP/1.1 200 OK"
2026-04-20 13:52:30 [INFO] services.simpleswap: [API] GET https://api.simpleswap.io/v3/exchanges/wj0of91a899xgx65 → 200 (694ms)
2026-04-20 13:52:30 [INFO] httpx: HTTP Request: GET https://api.simpleswap.io/v3/exchanges/4xoj5osddg7y1i6k "HTTP/1.1 200 OK"
2026-04-20 13:52:30 [INFO] services.simpleswap: [API] GET https://api.simpleswap.io/v3/exchanges/4xoj5osddg7y1i6k → 200 (308ms)
2026-04-20 13:52:31 [INFO] httpx: HTTP Request: GET https://api.simpleswap.io/v3/exchanges/vm7ppk4dq1ta763p "HTTP/1.1 200 OK"
2026-04-20 13:52:31 [INFO] services.simpleswap: [API] GET https://api.simpleswap.io/v3/exchanges/vm7ppk4dq1ta763p → 200 (315ms)
2026-04-20 13:52:31 [INFO] httpx: HTTP Request: GET https://api.simpleswap.io/v3/exchanges/ttvrb2gpvp2mfb70 "HTTP/1.1 200 OK"
2026-04-20 13:52:31 [INFO] services.simpleswap: [API] GET https://api.simpleswap.io/v3/exchanges/ttvrb2gpvp2mfb70 → 200 (312ms)
2026-04-20 13:52:31 [INFO] httpx: HTTP Request: GET https://api.simpleswap.io/v3/exchanges/wjtknljvn9k3vitz "HTTP/1.1 200 OK"
2026-04-20 13:52:31 [INFO] services.simpleswap: [API] GET https://api.simpleswap.io/v3/exchanges/wjtknljvn9k3vitz → 200 (313ms)
2026-04-20 13:55:31 [INFO] services.checker: Checking 5 active swap(s)...
2026-04-20 13:55:32 [INFO] httpx: HTTP Request: GET https://api.simpleswap.io/v3/exchanges/wj0of91a899xgx65 "HTTP/1.1 200 OK"
2026-04-20 13:55:32 [INFO] services.simpleswap: [API] GET https://api.simpleswap.io/v3/exchanges/wj0of91a899xgx65 → 200 (718ms)
2026-04-20 13:55:32 [INFO] httpx: HTTP Request: GET https://api.simpleswap.io/v3/exchanges/4xoj5osddg7y1i6k "HTTP/1.1 200 OK"
2026-04-20 13:55:32 [INFO] services.simpleswap: [API] GET https://api.simpleswap.io/v3/exchanges/4xoj5osddg7y1i6k → 200 (302ms)
2026-04-20 13:55:33 [INFO] httpx: HTTP Request: GET https://api.simpleswap.io/v3/exchanges/vm7ppk4dq1ta763p "HTTP/1.1 200 OK"
2026-04-20 13:55:33 [INFO] services.simpleswap: [API] GET https://api.simpleswap.io/v3/exchanges/vm7ppk4dq1ta763p → 200 (307ms)
2026-04-20 13:55:33 [INFO] httpx: HTTP Request: GET https://api.simpleswap.io/v3/exchanges/ttvrb2gpvp2mfb70 "HTTP/1.1 200 OK"
2026-04-20 13:55:33 [INFO] services.simpleswap: [API] GET https://api.simpleswap.io/v3/exchanges/ttvrb2gpvp2mfb70 → 200 (201ms)
2026-04-20 13:55:33 [INFO] httpx: HTTP Request: GET https://api.simpleswap.io/v3/exchanges/wjtknljvn9k3vitz "HTTP/1.1 200 OK"
2026-04-20 13:55:33 [INFO] services.simpleswap: [API] GET https://api.simpleswap.io/v3/exchanges/wjtknljvn9k3vitz → 200 (204ms)
2026-04-20 13:58:33 [INFO] services.checker: Checking 5 active swap(s)...
2026-04-20 13:58:34 [INFO] httpx: HTTP Request: GET https://api.simpleswap.io/v3/exchanges/wj0of91a899xgx65 "HTTP/1.1 200 OK"
2026-04-20 13:58:34 [INFO] services.simpleswap: [API] GET https://api.simpleswap.io/v3/exchanges/wj0of91a899xgx65 → 200 (421ms)
2026-04-20 13:58:34 [INFO] httpx: HTTP Request: GET https://api.simpleswap.io/v3/exchanges/4xoj5osddg7y1i6k "HTTP/1.1 200 OK"
2026-04-20 13:58:34 [INFO] services.simpleswap: [API] GET https://api.simpleswap.io/v3/exchanges/4xoj5osddg7y1i6k → 200 (307ms)
2026-04-20 13:58:34 [INFO] httpx: HTTP Request: GET https://api.simpleswap.io/v3/exchanges/vm7ppk4dq1ta763p "HTTP/1.1 200 OK"
2026-04-20 13:58:34 [INFO] services.simpleswap: [API] GET https://api.simpleswap.io/v3/exchanges/vm7ppk4dq1ta763p → 200 (306ms)
2026-04-20 13:58:34 [INFO] httpx: HTTP Request: GET https://api.simpleswap.io/v3/exchanges/ttvrb2gpvp2mfb70 "HTTP/1.1 200 OK"
2026-04-20 13:58:34 [INFO] services.simpleswap: [API] GET https://api.simpleswap.io/v3/exchanges/ttvrb2gpvp2mfb70 → 200 (309ms)
2026-04-20 13:58:35 [INFO] httpx: HTTP Request: GET https://api.simpleswap.io/v3/exchanges/wjtknljvn9k3vitz "HTTP/1.1 200 OK"
2026-04-20 13:58:35 [INFO] services.simpleswap: [API] GET https://api.simpleswap.io/v3/exchanges/wjtknljvn9k3vitz → 200 (306ms)
2026-04-20 14:01:35 [INFO] services.checker: Checking 5 active swap(s)...
2026-04-20 14:01:35 [INFO] httpx: HTTP Request: GET https://api.simpleswap.io/v3/exchanges/wj0of91a899xgx65 "HTTP/1.1 200 OK"
2026-04-20 14:01:35 [INFO] services.simpleswap: [API] GET https://api.simpleswap.io/v3/exchanges/wj0of91a899xgx65 → 200 (417ms)
2026-04-20 14:01:36 [INFO] httpx: HTTP Request: GET https://api.simpleswap.io/v3/exchanges/4xoj5osddg7y1i6k "HTTP/1.1 200 OK"
2026-04-20 14:01:36 [INFO] services.simpleswap: [API] GET https://api.simpleswap.io/v3/exchanges/4xoj5osddg7y1i6k → 200 (300ms)
2026-04-20 14:01:36 [INFO] httpx: HTTP Request: GET https://api.simpleswap.io/v3/exchanges/vm7ppk4dq1ta763p "HTTP/1.1 200 OK"
2026-04-20 14:01:36 [INFO] services.simpleswap: [API] GET https://api.simpleswap.io/v3/exchanges/vm7ppk4dq1ta763p → 200 (307ms)
2026-04-20 14:01:36 [INFO] httpx: HTTP Request: GET https://api.simpleswap.io/v3/exchanges/ttvrb2gpvp2mfb70 "HTTP/1.1 200 OK"
2026-04-20 14:01:36 [INFO] services.simpleswap: [API] GET https://api.simpleswap.io/v3/exchanges/ttvrb2gpvp2mfb70 → 200 (410ms)
2026-04-20 14:01:37 [INFO] httpx: HTTP Request: GET https://api.simpleswap.io/v3/exchanges/wjtknljvn9k3vitz "HTTP/1.1 200 OK"
2026-04-20 14:01:37 [INFO] services.simpleswap: [API] GET https://api.simpleswap.io/v3/exchanges/wjtknljvn9k3vitz → 200 (265ms)
2026-04-20 14:04:37 [INFO] services.checker: Checking 5 active swap(s)...
2026-04-20 14:04:37 [INFO] httpx: HTTP Request: GET https://api.simpleswap.io/v3/exchanges/wj0of91a899xgx65 "HTTP/1.1 200 OK"
2026-04-20 14:04:37 [INFO] services.simpleswap: [API] GET https://api.simpleswap.io/v3/exchanges/wj0of91a899xgx65 → 200 (364ms)
2026-04-20 14:04:37 [INFO] httpx: HTTP Request: GET https://api.simpleswap.io/v3/exchanges/4xoj5osddg7y1i6k "HTTP/1.1 200 OK"
2026-04-20 14:04:37 [INFO] services.simpleswap: [API] GET https://api.simpleswap.io/v3/exchanges/4xoj5osddg7y1i6k → 200 (406ms)
2026-04-20 14:04:38 [INFO] httpx: HTTP Request: GET https://api.simpleswap.io/v3/exchanges/vm7ppk4dq1ta763p "HTTP/1.1 200 OK"
2026-04-20 14:04:38 [INFO] services.simpleswap: [API] GET https://api.simpleswap.io/v3/exchanges/vm7ppk4dq1ta763p → 200 (262ms)
2026-04-20 14:04:38 [INFO] httpx: HTTP Request: GET https://api.simpleswap.io/v3/exchanges/ttvrb2gpvp2mfb70 "HTTP/1.1 200 OK"
2026-04-20 14:04:38 [INFO] services.simpleswap: [API] GET https://api.simpleswap.io/v3/exchanges/ttvrb2gpvp2mfb70 → 200 (246ms)
2026-04-20 14:04:38 [INFO] httpx: HTTP Request: GET https://api.simpleswap.io/v3/exchanges/wjtknljvn9k3vitz "HTTP/1.1 200 OK"
2026-04-20 14:04:38 [INFO] services.simpleswap: [API] GET https://api.simpleswap.io/v3/exchanges/wjtknljvn9k3vitz → 200 (302ms)
2026-04-20 14:07:39 [INFO] services.checker: Checking 5 active swap(s)...
2026-04-20 14:07:39 [INFO] httpx: HTTP Request: GET https://api.simpleswap.io/v3/exchanges/wj0of91a899xgx65 "HTTP/1.1 200 OK"
2026-04-20 14:07:39 [INFO] services.simpleswap: [API] GET https://api.simpleswap.io/v3/exchanges/wj0of91a899xgx65 → 200 (435ms)
2026-04-20 14:07:39 [INFO] httpx: HTTP Request: GET https://api.simpleswap.io/v3/exchanges/4xoj5osddg7y1i6k "HTTP/1.1 200 OK"
2026-04-20 14:07:39 [INFO] services.simpleswap: [API] GET https://api.simpleswap.io/v3/exchanges/4xoj5osddg7y1i6k → 200 (268ms)
2026-04-20 14:07:40 [INFO] httpx: HTTP Request: GET https://api.simpleswap.io/v3/exchanges/vm7ppk4dq1ta763p "HTTP/1.1 200 OK"
2026-04-20 14:07:40 [INFO] services.simpleswap: [API] GET https://api.simpleswap.io/v3/exchanges/vm7ppk4dq1ta763p → 200 (247ms)
2026-04-20 14:07:40 [INFO] httpx: HTTP Request: GET https://api.simpleswap.io/v3/exchanges/ttvrb2gpvp2mfb70 "HTTP/1.1 200 OK"
2026-04-20 14:07:40 [INFO] services.simpleswap: [API] GET https://api.simpleswap.io/v3/exchanges/ttvrb2gpvp2mfb70 → 200 (223ms)
2026-04-20 14:07:40 [INFO] httpx: HTTP Request: GET https://api.simpleswap.io/v3/exchanges/wjtknljvn9k3vitz "HTTP/1.1 200 OK"
2026-04-20 14:07:40 [INFO] services.simpleswap: [API] GET https://api.simpleswap.io/v3/exchanges/wjtknljvn9k3vitz → 200 (246ms)
2026-04-20 14:10:40 [INFO] services.checker: Checking 5 active swap(s)...
2026-04-20 14:10:41 [INFO] httpx: HTTP Request: GET https://api.simpleswap.io/v3/exchanges/wj0of91a899xgx65 "HTTP/1.1 200 OK"
2026-04-20 14:10:41 [INFO] services.simpleswap: [API] GET https://api.simpleswap.io/v3/exchanges/wj0of91a899xgx65 → 200 (467ms)
2026-04-20 14:10:41 [INFO] httpx: HTTP Request: GET https://api.simpleswap.io/v3/exchanges/4xoj5osddg7y1i6k "HTTP/1.1 200 OK"
2026-04-20 14:10:41 [INFO] services.simpleswap: [API] GET https://api.simpleswap.io/v3/exchanges/4xoj5osddg7y1i6k → 200 (380ms)
2026-04-20 14:10:41 [INFO] httpx: HTTP Request: GET https://api.simpleswap.io/v3/exchanges/vm7ppk4dq1ta763p "HTTP/1.1 200 OK"
2026-04-20 14:10:41 [INFO] services.simpleswap: [API] GET https://api.simpleswap.io/v3/exchanges/vm7ppk4dq1ta763p → 200 (303ms)
2026-04-20 14:10:42 [INFO] httpx: HTTP Request: GET https://api.simpleswap.io/v3/exchanges/ttvrb2gpvp2mfb70 "HTTP/1.1 200 OK"
2026-04-20 14:10:42 [INFO] services.simpleswap: [API] GET https://api.simpleswap.io/v3/exchanges/ttvrb2gpvp2mfb70 → 200 (202ms)
2026-04-20 14:10:42 [INFO] httpx: HTTP Request: GET https://api.simpleswap.io/v3/exchanges/wjtknljvn9k3vitz "HTTP/1.1 200 OK"
2026-04-20 14:10:42 [INFO] services.simpleswap: [API] GET https://api.simpleswap.io/v3/exchanges/wjtknljvn9k3vitz → 200 (212ms)
2026-04-20 14:13:43 [INFO] services.checker: Checking 5 active swap(s)...
2026-04-20 14:13:43 [INFO] httpx: HTTP Request: GET https://api.simpleswap.io/v3/exchanges/wj0of91a899xgx65 "HTTP/1.1 200 OK"
2026-04-20 14:13:43 [INFO] services.simpleswap: [API] GET https://api.simpleswap.io/v3/exchanges/wj0of91a899xgx65 → 200 (383ms)
2026-04-20 14:13:43 [INFO] httpx: HTTP Request: GET https://api.simpleswap.io/v3/exchanges/4xoj5osddg7y1i6k "HTTP/1.1 200 OK"
2026-04-20 14:13:43 [INFO] services.simpleswap: [API] GET https://api.simpleswap.io/v3/exchanges/4xoj5osddg7y1i6k → 200 (235ms)
2026-04-20 14:13:44 [INFO] httpx: HTTP Request: GET https://api.simpleswap.io/v3/exchanges/vm7ppk4dq1ta763p "HTTP/1.1 200 OK"
2026-04-20 14:13:44 [INFO] services.simpleswap: [API] GET https://api.simpleswap.io/v3/exchanges/vm7ppk4dq1ta763p → 200 (311ms)
2026-04-20 14:13:44 [INFO] httpx: HTTP Request: GET https://api.simpleswap.io/v3/exchanges/ttvrb2gpvp2mfb70 "HTTP/1.1 200 OK"
2026-04-20 14:13:44 [INFO] services.simpleswap: [API] GET https://api.simpleswap.io/v3/exchanges/ttvrb2gpvp2mfb70 → 200 (292ms)
2026-04-20 14:13:45 [INFO] httpx: HTTP Request: GET https://api.simpleswap.io/v3/exchanges/wjtknljvn9k3vitz "HTTP/1.1 200 OK"
2026-04-20 14:13:45 [INFO] services.simpleswap: [API] GET https://api.simpleswap.io/v3/exchanges/wjtknljvn9k3vitz → 200 (615ms)
2026-04-20 14:16:45 [INFO] services.checker: Checking 5 active swap(s)...
2026-04-20 14:16:46 [INFO] httpx: HTTP Request: GET https://api.simpleswap.io/v3/exchanges/wj0of91a899xgx65 "HTTP/1.1 200 OK"
2026-04-20 14:16:46 [INFO] services.simpleswap: [API] GET https://api.simpleswap.io/v3/exchanges/wj0of91a899xgx65 → 200 (501ms)
2026-04-20 14:16:46 [INFO] httpx: HTTP Request: GET https://api.simpleswap.io/v3/exchanges/4xoj5osddg7y1i6k "HTTP/1.1 200 OK"
2026-04-20 14:16:46 [INFO] services.simpleswap: [API] GET https://api.simpleswap.io/v3/exchanges/4xoj5osddg7y1i6k → 200 (304ms)
2026-04-20 14:16:46 [INFO] httpx: HTTP Request: GET https://api.simpleswap.io/v3/exchanges/vm7ppk4dq1ta763p "HTTP/1.1 200 OK"
2026-04-20 14:16:46 [INFO] services.simpleswap: [API] GET https://api.simpleswap.io/v3/exchanges/vm7ppk4dq1ta763p → 200 (313ms)
2026-04-20 14:16:46 [INFO] httpx: HTTP Request: GET https://api.simpleswap.io/v3/exchanges/ttvrb2gpvp2mfb70 "HTTP/1.1 200 OK"
2026-04-20 14:16:46 [INFO] services.simpleswap: [API] GET https://api.simpleswap.io/v3/exchanges/ttvrb2gpvp2mfb70 → 200 (311ms)
2026-04-20 14:16:47 [INFO] httpx: HTTP Request: GET https://api.simpleswap.io/v3/exchanges/wjtknljvn9k3vitz "HTTP/1.1 200 OK"
2026-04-20 14:16:47 [INFO] services.simpleswap: [API] GET https://api.simpleswap.io/v3/exchanges/wjtknljvn9k3vitz → 200 (205ms)
2026-04-20 14:19:48 [INFO] services.checker: Checking 5 active swap(s)...
2026-04-20 14:19:48 [INFO] httpx: HTTP Request: GET https://api.simpleswap.io/v3/exchanges/wj0of91a899xgx65 "HTTP/1.1 200 OK"
2026-04-20 14:19:48 [INFO] services.simpleswap: [API] GET https://api.simpleswap.io/v3/exchanges/wj0of91a899xgx65 → 200 (506ms)
2026-04-20 14:19:48 [INFO] httpx: HTTP Request: GET https://api.simpleswap.io/v3/exchanges/4xoj5osddg7y1i6k "HTTP/1.1 200 OK"
2026-04-20 14:19:48 [INFO] services.simpleswap: [API] GET https://api.simpleswap.io/v3/exchanges/4xoj5osddg7y1i6k → 200 (303ms)
2026-04-20 14:19:49 [INFO] httpx: HTTP Request: GET https://api.simpleswap.io/v3/exchanges/vm7ppk4dq1ta763p "HTTP/1.1 200 OK"
2026-04-20 14:19:49 [INFO] services.simpleswap: [API] GET https://api.simpleswap.io/v3/exchanges/vm7ppk4dq1ta763p → 200 (301ms)
2026-04-20 14:19:49 [INFO] httpx: HTTP Request: GET https://api.simpleswap.io/v3/exchanges/ttvrb2gpvp2mfb70 "HTTP/1.1 200 OK"
2026-04-20 14:19:49 [INFO] services.simpleswap: [API] GET https://api.simpleswap.io/v3/exchanges/ttvrb2gpvp2mfb70 → 200 (304ms)
2026-04-20 14:19:49 [INFO] httpx: HTTP Request: GET https://api.simpleswap.io/v3/exchanges/wjtknljvn9k3vitz "HTTP/1.1 200 OK"
2026-04-20 14:19:49 [INFO] services.simpleswap: [API] GET https://api.simpleswap.io/v3/exchanges/wjtknljvn9k3vitz → 200 (206ms)
2026-04-20 14:23:50 [INFO] services.checker: Checking 5 active swap(s)...
2026-04-20 14:23:50 [INFO] httpx: HTTP Request: GET https://api.simpleswap.io/v3/exchanges/wj0of91a899xgx65 "HTTP/1.1 200 OK"
2026-04-20 14:23:50 [INFO] services.simpleswap: [API] GET https://api.simpleswap.io/v3/exchanges/wj0of91a899xgx65 → 200 (478ms)
2026-04-20 14:23:51 [INFO] httpx: HTTP Request: GET https://api.simpleswap.io/v3/exchanges/4xoj5osddg7y1i6k "HTTP/1.1 200 OK"
2026-04-20 14:23:51 [INFO] services.simpleswap: [API] GET https://api.simpleswap.io/v3/exchanges/4xoj5osddg7y1i6k → 200 (279ms)
2026-04-20 14:23:51 [INFO] httpx: HTTP Request: GET https://api.simpleswap.io/v3/exchanges/vm7ppk4dq1ta763p "HTTP/1.1 200 OK"
2026-04-20 14:23:51 [INFO] services.simpleswap: [API] GET https://api.simpleswap.io/v3/exchanges/vm7ppk4dq1ta763p → 200 (427ms)
2026-04-20 14:23:51 [INFO] httpx: HTTP Request: GET https://api.simpleswap.io/v3/exchanges/ttvrb2gpvp2mfb70 "HTTP/1.1 200 OK"
2026-04-20 14:23:51 [INFO] services.simpleswap: [API] GET https://api.simpleswap.io/v3/exchanges/ttvrb2gpvp2mfb70 → 200 (307ms)
2026-04-20 14:23:52 [INFO] httpx: HTTP Request: GET https://api.simpleswap.io/v3/exchanges/wjtknljvn9k3vitz "HTTP/1.1 200 OK"
2026-04-20 14:23:52 [INFO] services.simpleswap: [API] GET https://api.simpleswap.io/v3/exchanges/wjtknljvn9k3vitz → 200 (301ms)
2026-04-20 14:26:54 [INFO] services.checker: Checking 5 active swap(s)...
2026-04-20 14:26:55 [INFO] httpx: HTTP Request: GET https://api.simpleswap.io/v3/exchanges/wj0of91a899xgx65 "HTTP/1.1 200 OK"
2026-04-20 14:26:55 [INFO] services.simpleswap: [API] GET https://api.simpleswap.io/v3/exchanges/wj0of91a899xgx65 → 200 (461ms)
2026-04-20 14:26:55 [INFO] httpx: HTTP Request: GET https://api.simpleswap.io/v3/exchanges/4xoj5osddg7y1i6k "HTTP/1.1 200 OK"
2026-04-20 14:26:55 [INFO] services.simpleswap: [API] GET https://api.simpleswap.io/v3/exchanges/4xoj5osddg7y1i6k → 200 (295ms)
2026-04-20 14:26:55 [INFO] httpx: HTTP Request: GET https://api.simpleswap.io/v3/exchanges/vm7ppk4dq1ta763p "HTTP/1.1 200 OK"
2026-04-20 14:26:55 [INFO] services.simpleswap: [API] GET https://api.simpleswap.io/v3/exchanges/vm7ppk4dq1ta763p → 200 (301ms)
2026-04-20 14:26:55 [INFO] httpx: HTTP Request: GET https://api.simpleswap.io/v3/exchanges/ttvrb2gpvp2mfb70 "HTTP/1.1 200 OK"
2026-04-20 14:26:55 [INFO] services.simpleswap: [API] GET https://api.simpleswap.io/v3/exchanges/ttvrb2gpvp2mfb70 → 200 (306ms)
2026-04-20 14:26:56 [INFO] httpx: HTTP Request: GET https://api.simpleswap.io/v3/exchanges/wjtknljvn9k3vitz "HTTP/1.1 200 OK"
2026-04-20 14:26:56 [INFO] services.simpleswap: [API] GET https://api.simpleswap.io/v3/exchanges/wjtknljvn9k3vitz → 200 (297ms)
2026-04-20 14:29:55 [INFO] __main__: Shutting down...
